<?xml version="1.0" encoding="UTF-8"?>
<testng-results skipped="0" failed="0" ignored="0" total="1" passed="1">
  <reporter-output>
  </reporter-output>
  <suite name="Suite" duration-ms="55" started-at="2018-08-26T06:47:37Z" finished-at="2018-08-26T06:47:37Z">
    <groups>
    </groups>
    <test name="Test" duration-ms="55" started-at="2018-08-26T06:47:37Z" finished-at="2018-08-26T06:47:37Z">
      <class name="framework.timesheetProject.UnitTests">
        <test-method status="PASS" signature="validateTimeSheetCalculations(java.util.List)[pri:0, instance:framework.timesheetProject.UnitTests@6d00a15d]" name="validateTimeSheetCalculations" duration-ms="16" started-at="2018-08-26T06:47:37Z" data-provider="testData" finished-at="2018-08-26T06:47:37Z">
          <params>
            <param index="0">
              <value>
                <![CDATA[[{"hours":{"WEDNESDAY":"8","MONDAY":"8","THURSDAY":"8","SUNDAY":"8","TUESDAY":"8","FRIDAY":"8","SATURDAY":"8"},"expectedTotalHours":"56.0","expectedCost":"680.0","dayRate":"10","employeeNo":"123"}]]]>
              </value>
            </param>
          </params>
          <reporter-output>
          </reporter-output>
        </test-method> <!-- validateTimeSheetCalculations -->
      </class> <!-- framework.timesheetProject.UnitTests -->
    </test> <!-- Test -->
  </suite> <!-- Suite -->
</testng-results>
